<?xml version="1.0" encoding="UTF-8"?>
<testng-results ignored="0" total="1" passed="1" failed="0" skipped="0">
  <reporter-output>
  </reporter-output>
  <suite started-at="2023-06-24T11:42:37 IST" name="Default suite" finished-at="2023-06-24T11:42:50 IST" duration-ms="12871">
    <groups>
    </groups>
    <test started-at="2023-06-24T11:42:37 IST" name="Default test" finished-at="2023-06-24T11:42:50 IST" duration-ms="12871">
      <class name="testng.Practicepgm2">
        <test-method is-config="true" signature="setUp()[pri:0, instance:testng.Practicepgm2@514646ef]" started-at="2023-06-24T11:42:37 IST" name="setUp" finished-at="2023-06-24T11:42:43 IST" duration-ms="5444" status="PASS">
          <reporter-output>
          </reporter-output>
        </test-method> <!-- setUp -->
        <test-method is-config="true" signature="urlLoad()[pri:0, instance:testng.Practicepgm2@514646ef]" started-at="2023-06-24T11:42:43 IST" name="urlLoad" finished-at="2023-06-24T11:42:44 IST" duration-ms="1391" status="PASS">
          <reporter-output>
          </reporter-output>
        </test-method> <!-- urlLoad -->
        <test-method signature="test1()[pri:0, instance:testng.Practicepgm2@514646ef]" started-at="2023-06-24T11:42:44 IST" name="test1" finished-at="2023-06-24T11:42:50 IST" duration-ms="5949" status="PASS">
          <reporter-output>
          </reporter-output>
        </test-method> <!-- test1 -->
      </class> <!-- testng.Practicepgm2 -->
    </test> <!-- Default test -->
  </suite> <!-- Default suite -->
</testng-results>
